<?xml version="1.0" encoding="UTF-8"?>
<!-- Generated by org.testng.reporters.JUnitReportReporter -->
<testsuite hostname="IN-vberad-W1" failures="0" tests="2" name="com.orangehrm.tests.AdminPageTests" time="46.476" errors="0" timestamp="2022-03-17T07:54:07 IST" skipped="0">
  <testcase classname="com.orangehrm.tests.AdminPageTests" name="validate_job_title_navigation" time="15.762"/>
  <system-out/>
  <testcase classname="com.orangehrm.tests.AdminPageTests" name="validate_add_jobTitle" time="30.714"/>
  <system-out/>
</testsuite> <!-- com.orangehrm.tests.AdminPageTests -->
