<?xml version="1.0" encoding="UTF-8"?>
<!-- Generated by org.testng.reporters.JUnitReportReporter -->
<testsuite hostname="IN-vberad-W1" failures="0" tests="1" name="com.orangehrm.tests.LoginTests" time="26.595" errors="0" timestamp="2022-03-17T07:54:07 IST" skipped="0">
  <testcase classname="com.orangehrm.tests.LoginTests" name="validate_loginorangehrm_functionality" time="26.595"/>
  <system-out/>
</testsuite> <!-- com.orangehrm.tests.LoginTests -->
