<?xml version="1.0" encoding="UTF-8"?>
<!-- Generated by org.testng.reporters.JUnitReportReporter -->
<testsuite hostname="IN-vberad-W1" failures="0" tests="2" name="com.orangehrm.tests.HomepageTest" time="43.209" errors="0" timestamp="2022-03-03T16:53:19 IST" skipped="0">
  <testcase classname="com.orangehrm.tests.HomepageTest" name="test3" time="21.363"/>
  <system-out/>
  <testcase classname="com.orangehrm.tests.HomepageTest" name="test2" time="21.846"/>
  <system-out/>
</testsuite> <!-- com.orangehrm.tests.HomepageTest -->
